# JRE version: Java(TM) SE Runtime Environment (13.0.2+8) (build 13.0.2+8)
# Java VM: Java HotSpot(TM) 64-Bit Server VM (13.0.2+8, mixed mode, sharing, tiered, compressed oops, g1 gc, windows-amd64)
Heap:
 garbage-first heap   total 61440K, used 40142K [0x0000000702e00000, 0x0000000800000000)
  region size 1024K, 23 young (23552K), 4 survivors (4096K)
 Metaspace       used 36240K, capacity 38073K, committed 38320K, reserved 1081344K
  class space    used 4817K, capacity 5497K, committed 5552K, reserved 1048576K
GC Heap History (20 events):
Event: 723.661 GC heap before
{Heap before GC invocations=18 (full 3):
 garbage-first heap   total 61440K, used 25430K [0x0000000702e00000, 0x0000000800000000)
  region size 1024K, 10 young (10240K), 3 survivors (3072K)
 Metaspace       used 35790K, capacity 37383K, committed 37680K, reserved 1081344K
  class space    used 4752K, capacity 5347K, committed 5424K, reserved 1048576K
}
Event: 723.688 GC heap after
{Heap after GC invocations=19 (full 4):
 garbage-first heap   total 61440K, used 16794K [0x0000000702e00000, 0x0000000800000000)
  region size 1024K, 0 young (0K), 0 survivors (0K)
 Metaspace       used 35787K, capacity 37377K, committed 37680K, reserved 1081344K
  class space    used 4751K, capacity 5345K, committed 5424K, reserved 1048576K
}
Event: 724.016 GC heap before
{Heap before GC invocations=19 (full 4):
 garbage-first heap   total 61440K, used 44442K [0x0000000702e00000, 0x0000000800000000)
  region size 1024K, 28 young (28672K), 0 survivors (0K)
 Metaspace       used 35861K, capacity 37503K, committed 37680K, reserved 1081344K
  class space    used 4763K, capacity 5387K, committed 5424K, reserved 1048576K
}
Event: 724.018 GC heap after
{Heap after GC invocations=20 (full 4):
 garbage-first heap   total 61440K, used 18576K [0x0000000702e00000, 0x0000000800000000)
  region size 1024K, 2 young (2048K), 2 survivors (2048K)
 Metaspace       used 35861K, capacity 37503K, committed 37680K, reserved 1081344K
  class space    used 4763K, capacity 5387K, committed 5424K, reserved 1048576K
}
Event: 859.261 GC heap before
{Heap before GC invocations=20 (full 4):
 garbage-first heap   total 61440K, used 46224K [0x0000000702e00000, 0x0000000800000000)
  region size 1024K, 29 young (29696K), 2 survivors (2048K)
 Metaspace       used 35914K, capacity 37585K, committed 37680K, reserved 1081344K
  class space    used 4771K, capacity 5392K, committed 5424K, reserved 1048576K
}
Event: 859.263 GC heap after
{Heap after GC invocations=21 (full 4):
 garbage-first heap   total 61440K, used 19505K [0x0000000702e00000, 0x0000000800000000)
  region size 1024K, 3 young (3072K), 3 survivors (3072K)
 Metaspace       used 35914K, capacity 37585K, committed 37680K, reserved 1081344K
  class space    used 4771K, capacity 5392K, committed 5424K, reserved 1048576K
}
Event: 952.306 GC heap before
{Heap before GC invocations=21 (full 4):
 garbage-first heap   total 61440K, used 25649K [0x0000000702e00000, 0x0000000800000000)
  region size 1024K, 10 young (10240K), 3 survivors (3072K)
 Metaspace       used 35917K, capacity 37591K, committed 37680K, reserved 1081344K
  class space    used 4772K, capacity 5394K, committed 5424K, reserved 1048576K
}
Event: 952.334 GC heap after
{Heap after GC invocations=22 (full 5):
 garbage-first heap   total 61440K, used 16903K [0x0000000702e00000, 0x0000000800000000)
  region size 1024K, 0 young (0K), 0 survivors (0K)
 Metaspace       used 35914K, capacity 37585K, committed 37680K, reserved 1081344K
  class space    used 4771K, capacity 5392K, committed 5424K, reserved 1048576K
}
Event: 952.682 GC heap before
{Heap before GC invocations=22 (full 5):
 garbage-first heap   total 61440K, used 45575K [0x0000000702e00000, 0x0000000800000000)
  region size 1024K, 29 young (29696K), 0 survivors (0K)
 Metaspace       used 36034K, capacity 37783K, committed 38064K, reserved 1081344K
  class space    used 4791K, capacity 5448K, committed 5552K, reserved 1048576K
}
Event: 952.684 GC heap after
{Heap after GC invocations=23 (full 5):
 garbage-first heap   total 61440K, used 18755K [0x0000000702e00000, 0x0000000800000000)
  region size 1024K, 2 young (2048K), 2 survivors (2048K)
 Metaspace       used 36034K, capacity 37783K, committed 38064K, reserved 1081344K
  class space    used 4791K, capacity 5448K, committed 5552K, reserved 1048576K
}
Event: 1117.788 GC heap before
{Heap before GC invocations=23 (full 5):
 garbage-first heap   total 61440K, used 47427K [0x0000000702e00000, 0x0000000800000000)
  region size 1024K, 30 young (30720K), 2 survivors (2048K)
 Metaspace       used 36090K, capacity 37868K, committed 38064K, reserved 1081344K
  class space    used 4799K, capacity 5453K, committed 5552K, reserved 1048576K
}
Event: 1117.790 GC heap after
{Heap after GC invocations=24 (full 5):
 garbage-first heap   total 61440K, used 19554K [0x0000000702e00000, 0x0000000800000000)
  region size 1024K, 3 young (3072K), 3 survivors (3072K)
 Metaspace       used 36090K, capacity 37868K, committed 38064K, reserved 1081344K
  class space    used 4799K, capacity 5453K, committed 5552K, reserved 1048576K
}
Event: 1230.311 GC heap before
{Heap before GC invocations=24 (full 5):
 garbage-first heap   total 61440K, used 26722K [0x0000000702e00000, 0x0000000800000000)
  region size 1024K, 11 young (11264K), 3 survivors (3072K)
 Metaspace       used 36093K, capacity 37874K, committed 38064K, reserved 1081344K
  class space    used 4799K, capacity 5455K, committed 5552K, reserved 1048576K
}
Event: 1230.344 GC heap after
{Heap after GC invocations=25 (full 6):
 garbage-first heap   total 61440K, used 17029K [0x0000000702e00000, 0x0000000800000000)
  region size 1024K, 0 young (0K), 0 survivors (0K)
 Metaspace       used 36090K, capacity 37868K, committed 38064K, reserved 1081344K
  class space    used 4799K, capacity 5453K, committed 5552K, reserved 1048576K
}
Event: 1230.992 GC heap before
{Heap before GC invocations=25 (full 6):
 garbage-first heap   total 61440K, used 46725K [0x0000000702e00000, 0x0000000800000000)
  region size 1024K, 29 young (29696K), 0 survivors (0K)
 Metaspace       used 36163K, capacity 37994K, committed 38064K, reserved 1081344K
  class space    used 4810K, capacity 5494K, committed 5552K, reserved 1048576K
}
Event: 1230.994 GC heap after
{Heap after GC invocations=26 (full 6):
 garbage-first heap   total 61440K, used 18963K [0x0000000702e00000, 0x0000000800000000)
  region size 1024K, 2 young (2048K), 2 survivors (2048K)
 Metaspace       used 36163K, capacity 37994K, committed 38064K, reserved 1081344K
  class space    used 4810K, capacity 5494K, committed 5552K, reserved 1048576K
}
Event: 1394.056 GC heap before
{Heap before GC invocations=26 (full 6):
 garbage-first heap   total 61440K, used 47635K [0x0000000702e00000, 0x0000000800000000)
  region size 1024K, 30 young (30720K), 2 survivors (2048K)
 Metaspace       used 36208K, capacity 38064K, committed 38320K, reserved 1081344K
  class space    used 4816K, capacity 5495K, committed 5552K, reserved 1048576K
}
Event: 1394.059 GC heap after
{Heap after GC invocations=27 (full 6):
 garbage-first heap   total 61440K, used 19746K [0x0000000702e00000, 0x0000000800000000)
  region size 1024K, 3 young (3072K), 3 survivors (3072K)
 Metaspace       used 36208K, capacity 38064K, committed 38320K, reserved 1081344K
  class space    used 4816K, capacity 5495K, committed 5552K, reserved 1048576K
}
Event: 1744.400 GC heap before
{Heap before GC invocations=27 (full 6):
 garbage-first heap   total 61440K, used 46370K [0x0000000702e00000, 0x0000000800000000)
  region size 1024K, 30 young (30720K), 3 survivors (3072K)
 Metaspace       used 36240K, capacity 38073K, committed 38320K, reserved 1081344K
  class space    used 4817K, capacity 5497K, committed 5552K, reserved 1048576K
}
Event: 1744.402 GC heap after
{Heap after GC invocations=28 (full 6):
 garbage-first heap   total 61440K, used 21710K [0x0000000702e00000, 0x0000000800000000)
  region size 1024K, 4 young (4096K), 4 survivors (4096K)
 Metaspace       used 36240K, capacity 38073K, committed 38320K, reserved 1081344K
  class space    used 4817K, capacity 5497K, committed 5552K, reserved 1048576K
}

